New log file opened at Tue Jul 11 09:14:58 CST 2017 by 12756@X201i
Sending msg to client activator-102a7d8f-5787-42f6-a669-a6ca29400556: DetachedLogEvent(LogMessage(debug,sbt server socket logs are in: C:\Users\Owner\play-java\.sbtserver\connections\master.log))
Sending msg to client activator-102a7d8f-5787-42f6-a669-a6ca29400556: DetachedLogEvent(LogMessage(debug,sbt general server logs are in: C:\Users\Owner\play-java\.sbtserver\master.log))
Dropping message DetachedLogEvent(LogMessage(debug,sbt general server logs are in: C:\Users\Owner\play-java\.sbtserver\master.log)) because client activator-102a7d8f-5787-42f6-a669-a6ca29400556 of an exception serializing and sending: java.net.SocketException: Software caused connection abort: socket write error
stack trace sending message was 
java.net.SocketException: Software caused connection abort: socket write error
	at java.net.SocketOutputStream.socketWrite0(Native Method)
	at java.net.SocketOutputStream.socketWrite(SocketOutputStream.java:109)
	at java.net.SocketOutputStream.write(SocketOutputStream.java:153)
	at java.io.BufferedOutputStream.flushBuffer(BufferedOutputStream.java:82)
	at java.io.BufferedOutputStream.flush(BufferedOutputStream.java:140)
	at java.io.DataOutputStream.flush(DataOutputStream.java:123)
	at sbt.impl.ipc.Peer.send(IPC.scala:79)
	at sbt.impl.ipc.Peer.send(IPC.scala:83)
	at sbt.impl.ipc.Peer.sendString(IPC.scala:106)
	at sbt.impl.ipc.Peer.sendJson(IPC.scala:119)
	at sbt.server.SbtClientHandler$$anonfun$send$1.apply$mcV$sp(SbtClientHandler.scala:128)
	at sbt.server.SbtClientHandler.wrappedSend(SbtClientHandler.scala:113)
	at sbt.server.SbtClientHandler.send(SbtClientHandler.scala:128)
	at sbt.server.SbtServerSocketHandler$$anon$1.run(SbtServerSocketHandler.scala:92)
Sending msg to client activator-102a7d8f-5787-42f6-a669-a6ca29400556: DetachedLogEvent(LogMessage(debug,sbt client logs are in: C:\Users\Owner\play-java\.sbtserver\connections\activator-102a7d8f-5787-42f6-a669-a6ca29400556.log))
Dropping message DetachedLogEvent(LogMessage(debug,sbt client logs are in: C:\Users\Owner\play-java\.sbtserver\connections\activator-102a7d8f-5787-42f6-a669-a6ca29400556.log)) because client activator-102a7d8f-5787-42f6-a669-a6ca29400556 of an exception serializing and sending: java.net.SocketException: socket is closed
stack trace sending message was 
java.net.SocketException: socket is closed
	at sbt.impl.ipc.Peer.send(IPC.scala:74)
	at sbt.impl.ipc.Peer.send(IPC.scala:83)
	at sbt.impl.ipc.Peer.sendString(IPC.scala:106)
	at sbt.impl.ipc.Peer.sendJson(IPC.scala:119)
	at sbt.server.SbtClientHandler$$anonfun$send$1.apply$mcV$sp(SbtClientHandler.scala:128)
	at sbt.server.SbtClientHandler.wrappedSend(SbtClientHandler.scala:113)
	at sbt.server.SbtClientHandler.send(SbtClientHandler.scala:128)
	at sbt.server.SbtClientHandler$clientThread$.run(SbtClientHandler.scala:42)
Reading next message from client.
Client activator-102a7d8f-5787-42f6-a669-a6ca29400556 closed, java.net.SocketException: socket is closed, shutting down
Client activator-102a7d8f-5787-42f6-a669-a6ca29400556 thread exiting.
Dropping message (0,ReceivedResponse()) to dead client activator-102a7d8f-5787-42f6-a669-a6ca29400556
